<?xml version="1.0" encoding="UTF-8"?>
<testsuite name="hello.HelloTest" tests="2" skipped="0" failures="0" errors="0" timestamp="2019-03-25T14:47:28" hostname="TC405-112-03.insa-lyon.fr" time="0.081">
  <properties/>
  <testcase name="check_null" classname="hello.HelloTest" time="0.076"/>
  <testcase name="check" classname="hello.HelloTest" time="0.005"/>
  <system-out><![CDATA[]]></system-out>
  <system-err><![CDATA[]]></system-err>
</testsuite>
